
> jaydai-extension@1.0.0 build
> node build.js --prod

üöÄ Building extension in production mode...
üîç Running TypeScript type checking...
src/components/dialogs/core/DialogContext.tsx(21,5): error TS2687: All declarations of 'dialogManager' must have identical modifiers.
src/components/dialogs/core/DialogContext.tsx(137,21): error TS7006: Parameter 'prev' implicitly has an 'any' type.
src/components/dialogs/templates/templateDialog.tsx(168,28): error TS2345: Argument of type 'CustomEvent<unknown>' is not assignable to parameter of type 'CustomEvent<{ type: string; data: any; }> | CustomEvent<{ message: Message; }> | CustomEvent<{ message: Message; }> | CustomEvent<{ ...; }> | ... 5 more ... | CustomEvent<...>'.
  Type 'CustomEvent<unknown>' is not assignable to type 'CustomEvent<{ type: string; data: any; }>'.
    Type 'unknown' is not assignable to type '{ type: string; data: any; }'.
src/components/dialogs/templates/templateDialog.tsx(178,28): error TS2345: Argument of type 'CustomEvent<unknown>' is not assignable to parameter of type 'CustomEvent<{ type: string; data: any; }> | CustomEvent<{ message: Message; }> | CustomEvent<{ message: Message; }> | CustomEvent<{ ...; }> | ... 5 more ... | CustomEvent<...>'.
  Type 'CustomEvent<unknown>' is not assignable to type 'CustomEvent<{ type: string; data: any; }>'.
    Type 'unknown' is not assignable to type '{ type: string; data: any; }'.
src/components/dialogs/templates/templateDialog.tsx(189,32): error TS2345: Argument of type 'CustomEvent<unknown>' is not assignable to parameter of type 'CustomEvent<{ type: string; data: any; }> | CustomEvent<{ message: Message; }> | CustomEvent<{ message: Message; }> | CustomEvent<{ ...; }> | ... 5 more ... | CustomEvent<...>'.
  Type 'CustomEvent<unknown>' is not assignable to type 'CustomEvent<{ type: string; data: any; }>'.
    Type 'unknown' is not assignable to type '{ type: string; data: any; }'.
src/components/folders/FolderItem.tsx(63,28): error TS6133: 'e' is declared but its value is never read.
src/components/folders/FolderList.tsx(2,1): error TS6133: 'React' is declared but its value is never read.
src/components/panels/BrowseTemplatesPanel/index.tsx(100,13): error TS2322: Type '(template: Template) => void' is not assignable to type '(templateId: number) => void'.
  Types of parameters 'template' and 'templateId' are incompatible.
    Type 'number' is not assignable to type 'Template'.
src/components/panels/NotificationsPanel/NotificationActionButton.tsx(5,10): error TS2724: '"@/services/notifications/NotificationService"' has no exported member named 'NotificationBase'. Did you mean 'Notification'?
src/components/panels/NotificationsPanel/NotificationItem.tsx(4,34): error TS2307: Cannot find module '@/types/notifications' or its corresponding type declarations.
src/components/panels/PanelManager.tsx(74,11): error TS2322: Type '{ folderType: any; pinnedFolderIds: any; onPinChange: any; onBackToTemplates: () => void; }' is not assignable to type 'IntrinsicAttributes & BrowseTemplatesPanelProps'.
  Property 'pinnedFolderIds' does not exist on type 'IntrinsicAttributes & BrowseTemplatesPanelProps'.
src/components/panels/StatsPanel/StatsDetailDashboard.tsx(1,8): error TS6133: 'React' is declared but its value is never read.
src/components/panels/StatsPanel/StatsDetailDashboard.tsx(6,1): error TS6133: 'StatsService' is declared but its value is never read.
src/components/panels/StatsPanel/StatsDetailDashboard.tsx(35,35): error TS2344: Type 'StatsServiceInterface' does not satisfy the constraint 'BaseService'.
  Type 'StatsServiceInterface' is missing the following properties from type 'BaseService': initialize, cleanup, isInitialized
src/components/panels/StatsPanel/StatsDetailDashboard.tsx(101,20): error TS2352: Conversion of type 'Record<string, { count: number; inputTokens: number; outputTokens: number; }>' to type 'Record<string, ModelUsage>' may be a mistake because neither type sufficiently overlaps with the other. If this was intentional, convert the expression to 'unknown' first.
  'string' index signatures are incompatible.
    Type '{ count: number; inputTokens: number; outputTokens: number; }' is missing the following properties from type 'ModelUsage': input_tokens, output_tokens
src/components/panels/TemplatesPanel/index.tsx(114,17): error TS1345: An expression of type 'void' cannot be tested for truthiness.
src/components/panels/TemplatesPanel/index.tsx(114,17): error TS1345: An expression of type 'void' cannot be tested for truthiness.
src/components/panels/TemplatesPanel/index.tsx(114,17): error TS1345: An expression of type 'void' cannot be tested for truthiness.
src/components/panels/TemplatesPanel/index.tsx(114,34): error TS2339: Property 'success' does not exist on type 'never'.
src/components/panels/TemplatesPanel/index.tsx(114,52): error TS2339: Property 'folder' does not exist on type 'never'.
src/components/panels/TemplatesPanel/index.tsx(115,40): error TS2339: Property 'folder' does not exist on type 'never'.
src/components/panels/TemplatesPanel/index.tsx(232,17): error TS2322: Type '(template: Template) => void' is not assignable to type '(templateId: number) => void'.
  Types of parameters 'template' and 'templateId' are incompatible.
    Type 'number' is not assignable to type 'Template'.
src/components/panels/TemplatesPanel/index.tsx(257,17): error TS2322: Type '(template: Template) => void' is not assignable to type '(templateId: number) => void'.
  Types of parameters 'template' and 'templateId' are incompatible.
    Type 'number' is not assignable to type 'Template'.
src/components/panels/TemplatesPanel/index.tsx(282,17): error TS2322: Type '(template: Template) => void' is not assignable to type '(templateId: number) => void'.
  Types of parameters 'template' and 'templateId' are incompatible.
    Type 'number' is not assignable to type 'Template'.
src/components/utils/DialogManagerHelper.ts(99,36): error TS2345: Argument of type '"SETTINGS" | "CREATE_TEMPLATE" | "EDIT_TEMPLATE" | "CREATE_FOLDER" | "PLACEHOLDER_EDITOR" | "AUTH" | "CONFIRMATION"' is not assignable to parameter of type 'DialogType'.
  Type '"SETTINGS"' is not assignable to type 'DialogType'. Did you mean '"settings"'?
src/components/utils/DialogManagerHelper.ts(138,28): error TS2345: Argument of type '"templateDialog"' is not assignable to parameter of type '"SETTINGS" | "CREATE_TEMPLATE" | "EDIT_TEMPLATE" | "CREATE_FOLDER" | "PLACEHOLDER_EDITOR" | "AUTH" | "CONFIRMATION"'.
src/components/utils/DialogManagerHelper.ts(155,33): error TS2345: Argument of type '"SETTINGS" | "CREATE_TEMPLATE" | "EDIT_TEMPLATE" | "CREATE_FOLDER" | "PLACEHOLDER_EDITOR" | "AUTH" | "CONFIRMATION"' is not assignable to parameter of type 'DialogType'.
  Type '"SETTINGS"' is not assignable to type 'DialogType'. Did you mean '"settings"'?
src/core/errors/ErrorReporter.ts(41,23): error TS2339: Property 'UNHANDLED_ERROR' does not exist on type 'typeof ErrorCode'.
src/core/errors/ErrorReporter.ts(51,23): error TS2339: Property 'UNHANDLED_REJECTION' does not exist on type 'typeof ErrorCode'.
src/core/events/EventManager.ts(42,54): error TS2536: Type 'T' cannot be used to index type 'EventPayloads'.
src/core/events/EventManager.ts(51,63): error TS2536: Type 'T' cannot be used to index type 'EventPayloads'.
src/core/events/EventManager.ts(102,61): error TS6133: 'sendResponse' is declared but its value is never read.
src/core/events/events.ts(87,68): error TS2536: Type 'T' cannot be used to index type 'EventPayloads'.
src/core/events/events.ts(95,77): error TS2536: Type 'T' cannot be used to index type 'EventPayloads'.
src/core/hooks/useEvent.ts(11,23): error TS2536: Type 'T' cannot be used to index type 'EventPayloads'.
src/core/hooks/useEvent.ts(29,51): error TS2536: Type 'T' cannot be used to index type 'EventPayloads'.
src/core/hooks/useEventListener.ts(10,23): error TS2536: Type 'T' cannot be used to index type 'EventPayloads'.
src/core/hooks/useEventListener.ts(23,31): error TS2536: Type 'T' cannot be used to index type 'EventPayloads'.
src/core/hooks/usePanelNavigation.tsx(3,10): error TS6133: 'PanelType' is declared but its value is never read.
src/core/hooks/usePanelNavigation.tsx(3,33): error TS2865: Import 'PanelNavigationContext' conflicts with local value, so must be declared with a type-only import when 'isolatedModules' is enabled.
src/core/network/NetworkRequestMonitor.ts(63,31): error TS6133: 'callbacks' is declared but its value is never read.
src/extension/content/injectInterceptor.ts(113,14): error TS2307: Cannot find module '@/services/chat/ChatService' or its corresponding type declarations.
src/extension/content/injectInterceptor.ts(157,12): error TS2307: Cannot find module '@/services/chat/ChatService' or its corresponding type declarations.
src/extension/content/injectInterceptor.ts(195,16): error TS2307: Cannot find module '@/services/MessageService' or its corresponding type declarations.
src/extension/content/injectInterceptor.ts(214,20): error TS2307: Cannot find module '@/services/chat/ChatService' or its corresponding type declarations.
src/extension/content/injectInterceptor.ts(242,12): error TS2307: Cannot find module '@/services/MessageService' or its corresponding type declarations.
src/extension/content/injectInterceptor.ts(262,16): error TS2307: Cannot find module '@/services/chat/ChatService' or its corresponding type declarations.
src/hooks/stats/index.tsx(9,3): error TS2305: Module '"@/types/stats"' has no exported member 'Stats'.
src/hooks/stats/index.tsx(10,3): error TS2305: Module '"@/types/stats"' has no exported member 'StatsFilterOptions'.
src/hooks/stats/index.tsx(11,3): error TS2305: Module '"@/types/stats"' has no exported member 'TimeSeriesData'.
src/hooks/stats/index.tsx(12,3): error TS2305: Module '"@/types/stats"' has no exported member 'DataPoint'.
src/hooks/stats/index.tsx(13,3): error TS2305: Module '"@/types/stats"' has no exported member 'ModelEnergyUsage'.
src/hooks/stats/useStats.ts(33,41): error TS2339: Property 'getStats' does not exist on type 'BaseService'.
src/hooks/stats/useStats.ts(37,40): error TS2339: Property 'onUpdate' does not exist on type 'BaseService'.
src/hooks/stats/useStats.ts(37,50): error TS7006: Parameter 'newStats' implicitly has an 'any' type.
src/hooks/stats/useStats.ts(58,26): error TS2339: Property 'refreshStats' does not exist on type 'BaseService'.
src/hooks/stats/useStats.ts(68,16): error TS7006: Parameter 'prev' implicitly has an 'any' type.
src/hooks/templates/useTemplateFolders.tsx(56,58): error TS7006: Parameter 'folder' implicitly has an 'any' type.
src/hooks/templates/useTemplateFolders.tsx(70,66): error TS7006: Parameter 'folder' implicitly has an 'any' type.
src/hooks/templates/useTemplateFolders.tsx(86,60): error TS7006: Parameter 'folder' implicitly has an 'any' type.
src/hooks/templates/useTemplates.ts(33,11): error TS6133: 'isSubmitting' is declared but its value is never read.
src/hooks/templates/useTemplates.ts(79,16): error TS2339: Property 'focus' does not exist on type 'Element'.
src/hooks/templates/useTemplateSelection.ts(109,16): error TS2339: Property 'focus' does not exist on type 'Element'.
src/providers/QueryProvider.tsx(2,8): error TS6133: 'React' is declared but its value is never read.
src/services/analytics/StatsService.ts(9,3): error TS6133: 'UserStatsResponse' is declared but its value is never read.
src/services/analytics/StatsService.ts(171,28): error TS6133: 'data' is declared but its value is never read.
src/services/api/ApiClient.ts(126,58): error TS2339: Property 'getAuthToken' does not exist on type 'BaseService'.
src/services/api/ApiClient.ts(140,49): error TS2339: Property 'getAuthToken' does not exist on type 'BaseService'.
src/services/api/ApiClient.ts(141,58): error TS2339: Property 'getAuthToken' does not exist on type 'BaseService'.
src/services/api/ApiClient.ts(200,53): error TS2339: Property 'refreshToken' does not exist on type 'BaseService'.
src/services/api/ApiClient.ts(201,57): error TS2339: Property 'refreshToken' does not exist on type 'BaseService'.
src/services/api/ApiClient.ts(204,62): error TS2339: Property 'getAuthToken' does not exist on type 'BaseService'.
src/services/api/ApiClient.ts(224,51): error TS2339: Property 'refreshToken' does not exist on type 'BaseService'.
src/services/api/ApiClient.ts(225,57): error TS2339: Property 'refreshToken' does not exist on type 'BaseService'.
src/services/api/ApiClient.ts(228,62): error TS2339: Property 'getAuthToken' does not exist on type 'BaseService'.
src/services/api/PromptApi.ts(140,11): error TS18046: 'response' is of type 'unknown'.
src/services/api/PromptApi.ts(140,31): error TS18046: 'response' is of type 'unknown'.
src/services/api/PromptApi.ts(141,9): error TS18046: 'response' is of type 'unknown'.
src/services/api/PromptApi.ts(141,28): error TS18046: 'response' is of type 'unknown'.
src/services/api/PromptApi.ts(310,5): error TS2322: Type 'unknown' is not assignable to type '{ success: boolean; error?: string | undefined; }'.
src/services/auth/AuthService/AuthNotifications.ts(17,34): error TS2345: Argument of type 'CustomEvent<{ mode: string; isSessionExpired: boolean; }>' is not assignable to parameter of type 'CustomEvent<{ type: string; data: any; }> | CustomEvent<{ message: Message; }> | CustomEvent<{ message: Message; }> | CustomEvent<{ ...; }> | ... 5 more ... | CustomEvent<...>'.
  Type 'CustomEvent<{ mode: string; isSessionExpired: boolean; }>' is not assignable to type 'CustomEvent<{ type: string; data: any; }>'.
    Type '{ mode: string; isSessionExpired: boolean; }' is missing the following properties from type '{ type: string; data: any; }': type, data
src/services/auth/AuthService/AuthOperations.ts(2,10): error TS2305: Module '"@/types"' has no exported member 'AuthUser'.
src/services/auth/AuthService/AuthStateManager.ts(2,10): error TS2305: Module '"@/types"' has no exported member 'AuthState'.
src/services/auth/AuthService/index.ts(3,10): error TS2305: Module '"@/types"' has no exported member 'AuthState'.
src/services/auth/TokenService/index.ts(4,10): error TS2305: Module '"@/types"' has no exported member 'TokenResponse'.
src/services/auth/TokenService/index.ts(4,25): error TS2724: '"@/types"' has no exported member named 'AuthToken'. Did you mean 'AuthTokens'?
src/services/auth/TokenService/TokenStorage.ts(3,10): error TS2724: '"@/types"' has no exported member named 'AuthToken'. Did you mean 'AuthTokens'?
src/services/chat/ChatMessageParser.ts(8,1): error TS6192: All imports in import declaration are unused.
src/services/chat/ChatMessageParser.ts(66,66): error TS2339: Property 'PARSING_ERROR' does not exist on type 'typeof ErrorCode'.
src/services/chat/ChatMessageParser.ts(90,69): error TS2339: Property 'PARSING_ERROR' does not exist on type 'typeof ErrorCode'.
src/services/chat/ChatMessageParser.ts(125,65): error TS2339: Property 'PARSING_ERROR' does not exist on type 'typeof ErrorCode'.
src/services/chat/ChatMessageParser.ts(148,70): error TS2339: Property 'PARSING_ERROR' does not exist on type 'typeof ErrorCode'.
src/services/chat/ConversationParser.ts(65,72): error TS2339: Property 'PARSING_ERROR' does not exist on type 'typeof ErrorCode'.
src/services/chat/ConversationParser.ts(85,68): error TS2339: Property 'PARSING_ERROR' does not exist on type 'typeof ErrorCode'.
src/services/chat/ConversationParser.ts(119,76): error TS2339: Property 'PARSING_ERROR' does not exist on type 'typeof ErrorCode'.
src/services/chat/ConversationParser.ts(169,79): error TS2339: Property 'PARSING_ERROR' does not exist on type 'typeof ErrorCode'.
src/services/notifications/NotificationService.ts(37,11): error TS6133: 'unreadCount' is declared but its value is never read.
src/services/notifications/NotificationService.ts(177,47): error TS2322: Type 'string | number' is not assignable to type 'string'.
  Type 'number' is not assignable to type 'string'.
src/services/notifications/NotificationService.ts(359,34): error TS2345: Argument of type 'CustomEvent<unknown>' is not assignable to parameter of type 'CustomEvent<{ type: string; data: any; }> | CustomEvent<{ message: Message; }> | CustomEvent<{ message: Message; }> | CustomEvent<{ ...; }> | ... 5 more ... | CustomEvent<...>'.
  Type 'CustomEvent<unknown>' is not assignable to type 'CustomEvent<{ type: string; data: any; }>'.
    Type 'unknown' is not assignable to type '{ type: string; data: any; }'.
src/services/notifications/NotificationService.ts(471,36): error TS2345: Argument of type 'CustomEvent<unknown>' is not assignable to parameter of type 'CustomEvent<{ type: string; data: any; }> | CustomEvent<{ message: Message; }> | CustomEvent<{ message: Message; }> | CustomEvent<{ ...; }> | ... 5 more ... | CustomEvent<...>'.
  Type 'CustomEvent<unknown>' is not assignable to type 'CustomEvent<{ type: string; data: any; }>'.
    Type 'unknown' is not assignable to type '{ type: string; data: any; }'.
src/services/notifications/NotificationService.ts(476,36): error TS2345: Argument of type 'CustomEvent<unknown>' is not assignable to parameter of type 'CustomEvent<{ type: string; data: any; }> | CustomEvent<{ message: Message; }> | CustomEvent<{ message: Message; }> | CustomEvent<{ ...; }> | ... 5 more ... | CustomEvent<...>'.
  Type 'CustomEvent<unknown>' is not assignable to type 'CustomEvent<{ type: string; data: any; }>'.
    Type 'unknown' is not assignable to type '{ type: string; data: any; }'.
src/services/orchestration/ChatOrchestrator.ts(110,69): error TS2339: Property 'ORCHESTRATION_ERROR' does not exist on type 'typeof ErrorCode'.
src/services/orchestration/ChatOrchestrator.ts(126,70): error TS2339: Property 'ORCHESTRATION_ERROR' does not exist on type 'typeof ErrorCode'.
src/services/TemplateService.tsx(34,9): error TS6133: 'queryClient' is declared but its value is never read.
src/services/TemplateService.tsx(50,56): error TS7006: Parameter 'folder' implicitly has an 'any' type.
src/services/TemplateService.tsx(64,46): error TS7006: Parameter 'folder' implicitly has an 'any' type.
src/services/TemplateService.tsx(126,33): error TS7006: Parameter 'folder' implicitly has an 'any' type.
src/services/TemplateService.tsx(248,7): error TS1117: An object literal cannot have multiple properties with the same name.
src/services/TemplateService.tsx(248,17): error TS6133: 'err' is declared but its value is never read.
src/services/TemplateService.tsx(248,22): error TS6133: 'newFolder' is declared but its value is never read.
src/services/TemplateService.tsx(345,7): error TS1117: An object literal cannot have multiple properties with the same name.
src/services/TemplateService.tsx(345,17): error TS6133: 'err' is declared but its value is never read.
src/services/TemplateService.tsx(345,22): error TS6133: 'newTemplate' is declared but its value is never read.
src/services/TemplateService.tsx(446,16): error TS2339: Property 'focus' does not exist on type 'Element'.
src/services/TemplateService.tsx(515,7): error TS18048: 'window.dialogManager' is possibly 'undefined'.
src/services/TemplateService.tsx(520,69): error TS2345: Argument of type 'Template | undefined' is not assignable to parameter of type 'Template | null'.
  Type 'undefined' is not assignable to type 'Template | null'.
src/services/TemplateService.tsx(527,7): error TS18048: 'window.dialogManager' is possibly 'undefined'.
src/services/TemplateService.tsx(532,69): error TS2345: Argument of type 'Template | undefined' is not assignable to parameter of type 'Template | null'.
  Type 'undefined' is not assignable to type 'Template | null'.
src/services/user/UserProfileService.ts(18,11): error TS6133: 'fetchedUserInfo' is declared but its value is never read.
src/state/AuthContext.tsx(62,40): error TS2339: Property 'login' does not exist on type 'AuthService'.
src/state/AuthContext.tsx(86,40): error TS2339: Property 'loginWithGoogle' does not exist on type 'AuthService'.
src/state/AuthContext.tsx(110,40): error TS2551: Property 'signup' does not exist on type 'AuthService'. Did you mean 'signUp'?
src/state/AuthContext.tsx(133,25): error TS2339: Property 'logout' does not exist on type 'AuthService'.
src/state/AuthContext.tsx(143,9): error TS2741: Property 'openLoginDialog' is missing in type '{ user: User | null; isAuthenticated: boolean; isLoading: boolean; error: string | null; login: (email: string, password: string) => Promise<boolean>; loginWithGoogle: () => Promise<boolean>; signup: (email: string, password: string, name: string) => Promise<boolean>; logout: () => Promise<void>; }' but required in type 'AuthContextType'.
src/types/dialog.ts(6,1): error TS6133: 'Template' is declared but its value is never read.
src/types/dialog.ts(6,10): error TS2305: Module '"./services/api"' has no exported member 'Template'.
src/types/dialog.ts(20,36): error TS2304: Cannot find name 'DialogDataMap'.
src/types/services/index.ts(49,30): error TS2307: Cannot find module '../notifications' or its corresponding type declarations.
src/types/services/index.ts(50,36): error TS2307: Cannot find module '../notifications' or its corresponding type declarations.
src/types/services/index.ts(55,61): error TS2307: Cannot find module '../notifications' or its corresponding type declarations.
src/types/services/index.ts(56,58): error TS2307: Cannot find module '../notifications' or its corresponding type declarations.
src/types/services/index.ts(62,36): error TS2694: Namespace '"/Users/quentinbragard/archimind/jaydai-extension/src/types/services/auth"' has no exported member 'AuthState'.
src/types/services/index.ts(63,48): error TS2694: Namespace '"/Users/quentinbragard/archimind/jaydai-extension/src/types/services/auth"' has no exported member 'AuthState'.
src/types/services/index.ts(72,44): error TS2694: Namespace '"/Users/quentinbragard/archimind/jaydai-extension/src/types/services/auth"' has no exported member 'TokenResponse'.
src/types/services/index.ts(74,46): error TS2694: Namespace '"/Users/quentinbragard/archimind/jaydai-extension/src/types/services/auth"' has no exported member 'AuthToken'.
src/types/services/index.ts(80,34): error TS2694: Namespace '"/Users/quentinbragard/archimind/jaydai-extension/src/types/stats"' has no exported member 'Stats'.
src/types/services/index.ts(82,49): error TS2694: Namespace '"/Users/quentinbragard/archimind/jaydai-extension/src/types/stats"' has no exported member 'Stats'.
